-------------------------------------------------------------------------------
Test set: TestsDeContenido.PlataformaTest
-------------------------------------------------------------------------------
Tests run: 3, Failures: 1, Errors: 0, Skipped: 0, Time elapsed: 1.414 s <<< FAILURE! -- in TestsDeContenido.PlataformaTest
TestsDeContenido.PlataformaTest.dadoUnaPlataforma_CuandoLeConsultaSuFacturacion_DevuelveElValorSumadoDelCostoPlanDeTodosLosUsuarios -- Time elapsed: 0.225 s <<< FAILURE!
org.opentest4j.AssertionFailedError: expected: <60.0> but was: <30.0>
	at org.junit.jupiter.api.AssertionFailureBuilder.build(AssertionFailureBuilder.java:151)
	at org.junit.jupiter.api.AssertionFailureBuilder.buildAndThrow(AssertionFailureBuilder.java:132)
	at org.junit.jupiter.api.AssertEquals.failNotEqual(AssertEquals.java:197)
	at org.junit.jupiter.api.AssertEquals.assertEquals(AssertEquals.java:182)
	at org.junit.jupiter.api.AssertEquals.assertEquals(AssertEquals.java:177)
	at org.junit.jupiter.api.Assertions.assertEquals(Assertions.java:907)
	at TestsDeContenido.PlataformaTest.dadoUnaPlataforma_CuandoLeConsultaSuFacturacion_DevuelveElValorSumadoDelCostoPlanDeTodosLosUsuarios(PlataformaTest.java:40)
	at java.base/java.lang.reflect.Method.invoke(Method.java:580)
	at java.base/java.util.ArrayList.forEach(ArrayList.java:1596)
	at java.base/java.util.ArrayList.forEach(ArrayList.java:1596)

